coordinators/ProcessingPipeline.ts:532:26 - error TS1005: '}' expected.

532                         }


  coordinators/ProcessingPipeline.ts:490:37
    490                     } catch (error) {
                                            ~
    The parser expected to find a '}' to match the '{' token here.

coordinators/services/CacheService.ts:328:6 - error TS1005: '}' expected.

328     }


systems/expressions/situations/educational/special_needs/adaptations/AdvancedFeaturesImplementation.ts:125:5 - error TS1128: Declaration or statement expected.

125     public async implementAdvancedFeatures(
        ~~~~~~

systems/expressions/situations/educational/special_needs/adaptations/AdvancedFeaturesImplementation.ts:125:12 - error TS1434: Unexpected keyword or identifier.

125     public async implementAdvancedFeatures(
               ~~~~~

systems/expressions/situations/educational/special_needs/adaptations/AdvancedFeaturesImplementation.ts:126:12 - error TS1005: ',' expected.

126     session: Record<string, unknown>,
               ~

systems/expressions/situations/educational/special_needs/adaptations/AdvancedFeaturesImplementation.ts:127:12 - error TS1005: ',' expected.

127     options: Record<string, unknown>
               ~

systems/expressions/situations/educational/special_needs/adaptations/AdvancedFeaturesImplementation.ts:128:2 - error TS1005: ';' expected.

128 ): Promise < AdvancedFeaturesResult > {
     ~

systems/expressions/situations/educational/special_needs/adaptations/AdvancedFeaturesImplementation.ts:130:11 - error TS1005: ':' expected.

130     const sessionId = options.sessionId as string || `session_${Date.now()}_${Math.random().toString(36).substring(2, 9)}`;
              ~~~~~~~~~

systems/expressions/situations/educational/special_needs/adaptations/AdvancedFeaturesImplementation.ts:130:123 - error TS1005: ',' expected.

130     const sessionId = options.sessionId as string || `session_${Date.now()}_${Math.random().toString(36).substring(2, 9)}`;

      ~

systems/expressions/situations/educational/special_needs/adaptations/AdvancedFeaturesImplementation.ts:133:11 - error TS1005: ':' expected.

133     const originalResult = await this.advancedFeatures.implementAdvancedFeatures(session, options);
              ~~~~~~~~~~~~~~

systems/expressions/situations/educational/special_needs/adaptations/AdvancedFeaturesImplementation.ts:133:99 - error TS1005: ',' expected.

133     const originalResult = await this.advancedFeatures.implementAdvancedFeatures(session, options);
                                                                                                      ~

systems/expressions/situations/educational/special_needs/adaptations/AdvancedFeaturesImplementation.ts:136:11 - error TS1005: ':' expected.

136     const adaptedResult = this.adaptToStandardFormat(originalResult as Record<string, unknown>);
              ~~~~~~~~~~~~~

systems/expressions/situations/educational/special_needs/adaptations/AdvancedFeaturesImplementation.ts:136:96 - error TS1005: ',' expected.

136     const adaptedResult = this.adaptToStandardFormat(originalResult as Record<string, unknown>);
                                                                                                   ~

systems/expressions/situations/educational/special_needs/adaptations/AdvancedFeaturesImplementation.ts:139:9 - error TS1005: ':' expected.

139     this.sessionCache.set(sessionId, {
            ~

systems/expressions/situations/educational/special_needs/adaptations/AdvancedFeaturesImplementation.ts:143:7 - error TS1005: ',' expected.

143     });
          ~

systems/expressions/situations/educational/special_needs/adaptations/AdvancedFeaturesImplementation.ts:145:12 - error TS1005: ':' expected.

145     return adaptedResult;
               ~~~~~~~~~~~~~

systems/expressions/situations/educational/special_needs/adaptations/AdvancedFeaturesImplementation.ts:145:25 - error TS1005: ',' expected.

145     return adaptedResult;
                            ~

systems/expressions/situations/educational/special_needs/adaptations/AdvancedFeaturesImplementation.ts:154:5 - error TS1128: Declaration or statement expected.

154     public async evaluateAdaptationEffectiveness(
        ~~~~~~

systems/expressions/situations/educational/special_needs/adaptations/AdvancedFeaturesImplementation.ts:154:12 - error TS1434: Unexpected keyword or identifier.

154     public async evaluateAdaptationEffectiveness(
               ~~~~~

systems/expressions/situations/educational/special_needs/adaptations/AdvancedFeaturesImplementation.ts:155:14 - error TS1005: ',' expected.

155     sessionId: string,
                 ~

systems/expressions/situations/educational/special_needs/adaptations/AdvancedFeaturesImplementation.ts:156:14 - error TS1109: Expression expected.

156     metrics ?: string[]
                 ~

systems/expressions/situations/educational/special_needs/adaptations/AdvancedFeaturesImplementation.ts:156:23 - error TS1011: An element access expression should take an argument.

156     metrics ?: string[]


systems/expressions/situations/educational/special_needs/adaptations/AdvancedFeaturesImplementation.ts:157:2 - error TS1005: ';' expected.

157 ): Promise < Record < string, number >> {
     ~

systems/expressions/situations/educational/special_needs/adaptations/AdvancedFeaturesImplementation.ts:159:11 - error TS1005: ':' expected.

159     const sessionData = await this.getSessionDataById(sessionId);
              ~~~~~~~~~~~

systems/expressions/situations/educational/special_needs/adaptations/AdvancedFeaturesImplementation.ts:159:65 - error TS1005: ',' expected.

159     const sessionData = await this.getSessionDataById(sessionId);
                                                                    ~

systems/expressions/situations/educational/special_needs/adaptations/AdvancedFeaturesImplementation.ts:162:11 - error TS1005: ':' expected.

162     const lastAdaptationResult = await this.getLastAdaptationResult(sessionId);
              ~~~~~~~~~~~~~~~~~~~~

systems/expressions/situations/educational/special_needs/adaptations/AdvancedFeaturesImplementation.ts:162:79 - error TS1005: ',' expected.

162     const lastAdaptationResult = await this.getLastAdaptationResult(sessionId);
                                                                                  ~

systems/expressions/situations/educational/special_needs/adaptations/AdvancedFeaturesImplementation.ts:165:11 - error TS1005: ':' expected.

165     const evaluationResult = this.evaluateEffectiveness(
              ~~~~~~~~~~~~~~~~

systems/expressions/situations/educational/special_needs/adaptations/AdvancedFeaturesImplementation.ts:168:6 - error TS1005: ',' expected.

168     );
         ~

systems/expressions/situations/educational/special_needs/adaptations/AdvancedFeaturesImplementation.ts:171:16 - error TS1005: ',' expected.

171     if(metrics && metrics.length > 0) {
                   ~~

systems/expressions/situations/educational/special_needs/adaptations/AdvancedFeaturesImplementation.ts:171:37 - error TS1005: ';' expected.

171     if(metrics && metrics.length > 0) {
                                        ~

systems/expressions/situations/educational/special_needs/adaptations/AdvancedFeaturesImplementation.ts:184:5 - error TS1128: Declaration or statement expected.

184     }
        ~

systems/expressions/situations/educational/special_needs/adaptations/AdvancedFeaturesImplementation.ts:192:5 - error TS1128: Declaration or statement expected.

192     public async refineAdaptationStrategies(
        ~~~~~~

systems/expressions/situations/educational/special_needs/adaptations/AdvancedFeaturesImplementation.ts:192:12 - error TS1434: Unexpected keyword or identifier.

192     public async refineAdaptationStrategies(
               ~~~~~

systems/expressions/situations/educational/special_needs/adaptations/AdvancedFeaturesImplementation.ts:193:15 - error TS1005: ',' expected.

193     evaluation: Record<string, number>,
                  ~

systems/expressions/situations/educational/special_needs/adaptations/AdvancedFeaturesImplementation.ts:194:14 - error TS1005: ',' expected.

194     threshold: number
                 ~

systems/expressions/situations/educational/special_needs/adaptations/AdvancedFeaturesImplementation.ts:195:2 - error TS1005: ';' expected.

195 ): Promise < Record < string, unknown >> {
     ~

systems/expressions/situations/educational/special_needs/adaptations/AdvancedFeaturesImplementation.ts:197:11 - error TS1005: ':' expected.

197     const formattedEvaluation = this.formatEvaluationData({
              ~~~~~~~~~~~~~~~~~~~

systems/expressions/situations/educational/special_needs/adaptations/AdvancedFeaturesImplementation.ts:200:7 - error TS1005: ',' expected.

200     });
          ~

systems/expressions/situations/educational/special_needs/adaptations/AdvancedFeaturesImplementation.ts:203:11 - error TS1005: ':' expected.

203     const adjustments: { area: string; action: string; rationale: string } [] = [];
              ~~~~~~~~~~~

systems/expressions/situations/educational/special_needs/adaptations/AdvancedFeaturesImplementation.ts:203:22 - error TS1005: ',' expected.

203     const adjustments: { area: string; action: string; rationale: string } [] = [];
                         ~

systems/expressions/situations/educational/special_needs/adaptations/AdvancedFeaturesImplementation.ts:203:24 - error TS1136: Property assignment expected.

203     const adjustments: { area: string; action: string; rationale: string } [] = [];
                           ~

systems/expressions/situations/educational/special_needs/adaptations/AdvancedFeaturesImplementation.ts:272:5 - error TS1128: Declaration or statement expected.

272     }
        ~

systems/expressions/situations/educational/special_needs/adaptations/AdvancedFeaturesImplementation.ts:279:5 - error TS1128: Declaration or statement expected.

279     private adaptToStandardFormat(originalResult: Record<string, unknown>): AdvancedFeaturesResult {
        ~~~~~~~

systems/expressions/situations/educational/special_needs/adaptations/AdvancedFeaturesImplementation.ts:279:49 - error TS1005: ',' expected.

279     private adaptToStandardFormat(originalResult: Record<string, unknown>): AdvancedFeaturesResult {
                                                    ~

systems/expressions/situations/educational/special_needs/adaptations/AdvancedFeaturesImplementation.ts:279:75 - error TS1005: ';' expected.

279     private adaptToStandardFormat(originalResult: Record<string, unknown>): AdvancedFeaturesResult {
                                                                              ~

systems/expressions/situations/educational/special_needs/adaptations/AdvancedFeaturesImplementation.ts:279:77 - error TS1434: Unexpected keyword or identifier.

279     private adaptToStandardFormat(originalResult: Record<string, unknown>): AdvancedFeaturesResult {
                                                                                ~~~~~~~~~~~~~~~~~~~~~~

systems/expressions/situations/educational/special_needs/adaptations/AdvancedFeaturesImplementation.ts:388:5 - error TS1128: Declaration or statement expected.

388     private evaluateEffectiveness(
        ~~~~~~~

systems/expressions/situations/educational/special_needs/adaptations/AdvancedFeaturesImplementation.ts:389:21 - error TS1005: ',' expected.

389     adaptationResult: AdvancedFeaturesResult,
                        ~

systems/expressions/situations/educational/special_needs/adaptations/AdvancedFeaturesImplementation.ts:390:16 - error TS1005: ',' expected.

390     sessionData: Record<string, unknown>
                   ~

systems/expressions/situations/educational/special_needs/adaptations/AdvancedFeaturesImplementation.ts:391:2 - error TS1005: ';' expected.

391 ): {
     ~

systems/expressions/situations/educational/special_needs/adaptations/AdvancedFeaturesImplementation.ts:394:27 - error TS1011: An element access expression should take an argument.

394     areas: EvaluationArea[];


systems/expressions/situations/educational/special_needs/adaptations/AdvancedFeaturesImplementation.ts:445:5 - error TS1128: Declaration or statement expected.

445     private async getSessionDataById(sessionId: string): Promise < Record < string, unknown >> {
        ~~~~~~~

systems/expressions/situations/educational/special_needs/adaptations/AdvancedFeaturesImplementation.ts:445:13 - error TS1434: Unexpected keyword or identifier.

445     private async getSessionDataById(sessionId: string): Promise < Record < string, unknown >> {
                ~~~~~

systems/expressions/situations/educational/special_needs/adaptations/AdvancedFeaturesImplementation.ts:445:47 - error TS1005: ',' expected.

445     private async getSessionDataById(sessionId: string): Promise < Record < string, unknown >> {
                                                  ~

systems/expressions/situations/educational/special_needs/adaptations/AdvancedFeaturesImplementation.ts:445:56 - error TS1005: ';' expected.

445     private async getSessionDataById(sessionId: string): Promise < Record < string, unknown >> {
                                                           ~

systems/expressions/situations/educational/special_needs/adaptations/AdvancedFeaturesImplementation.ts:447:11 - error TS1005: ':' expected.

447     const cachedData = this.sessionCache.get(sessionId);
              ~~~~~~~~~~

systems/expressions/situations/educational/special_needs/adaptations/AdvancedFeaturesImplementation.ts:447:56 - error TS1005: ',' expected.

447     const cachedData = this.sessionCache.get(sessionId);
                                                           ~

systems/expressions/situations/educational/special_needs/adaptations/AdvancedFeaturesImplementation.ts:454:9 - error TS1005: ',' expected.

454         return {
            ~~~~~~

systems/expressions/situations/educational/special_needs/adaptations/AdvancedFeaturesImplementation.ts:454:16 - error TS1005: ':' expected.

454         return {
                   ~

systems/expressions/situations/educational/special_needs/adaptations/AdvancedFeaturesImplementation.ts:469:6 - error TS1005: ',' expected.

469     };
         ~

systems/expressions/situations/educational/special_needs/adaptations/AdvancedFeaturesImplementation.ts:477:5 - error TS1128: Declaration or statement expected.

477     private async getLastAdaptationResult(sessionId: string): Promise < AdvancedFeaturesResult > {
        ~~~~~~~

systems/expressions/situations/educational/special_needs/adaptations/AdvancedFeaturesImplementation.ts:477:13 - error TS1434: Unexpected keyword or identifier.

477     private async getLastAdaptationResult(sessionId: string): Promise < AdvancedFeaturesResult > {
                ~~~~~

systems/expressions/situations/educational/special_needs/adaptations/AdvancedFeaturesImplementation.ts:477:52 - error TS1005: ',' expected.

477     private async getLastAdaptationResult(sessionId: string): Promise < AdvancedFeaturesResult > {
                                                       ~

systems/expressions/situations/educational/special_needs/adaptations/AdvancedFeaturesImplementation.ts:477:61 - error TS1005: ';' expected.

477     private async getLastAdaptationResult(sessionId: string): Promise < AdvancedFeaturesResult > {
                                                                ~

systems/expressions/situations/educational/special_needs/adaptations/AdvancedFeaturesImplementation.ts:479:11 - error TS1005: ':' expected.

479     const cachedData = this.sessionCache.get(sessionId);
              ~~~~~~~~~~

systems/expressions/situations/educational/special_needs/adaptations/AdvancedFeaturesImplementation.ts:479:56 - error TS1005: ',' expected.

479     const cachedData = this.sessionCache.get(sessionId);
                                                           ~

systems/expressions/situations/educational/special_needs/adaptations/AdvancedFeaturesImplementation.ts:485:9 - error TS1005: ',' expected.

485         return {
            ~~~~~~

systems/expressions/situations/educational/special_needs/adaptations/AdvancedFeaturesImplementation.ts:485:16 - error TS1005: ':' expected.

485         return {
                   ~

systems/expressions/situations/educational/special_needs/adaptations/AdvancedFeaturesImplementation.ts:523:6 - error TS1005: ',' expected.

523     };
         ~

systems/expressions/situations/educational/special_needs/adaptations/AdvancedFeaturesImplementation.ts:531:5 - error TS1128: Declaration or statement expected.

531     private formatEvaluationData(rawData: Record<string, unknown>): {
        ~~~~~~~

systems/expressions/situations/educational/special_needs/adaptations/AdvancedFeaturesImplementation.ts:531:41 - error TS1005: ',' expected.

531     private formatEvaluationData(rawData: Record<string, unknown>): {
                                            ~

systems/expressions/situations/educational/special_needs/adaptations/AdvancedFeaturesImplementation.ts:531:67 - error TS1005: ';' expected.

531     private formatEvaluationData(rawData: Record<string, unknown>): {
                                                                      ~

systems/expressions/situations/educational/special_needs/adaptations/AdvancedFeaturesImplementation.ts:534:27 - error TS1011: An element access expression should take an argument.

534     areas: EvaluationArea[];


systems/expressions/situations/educational/special_needs/adaptations/AdvancedFeaturesImplementation.ts:591:5 - error TS1128: Declaration or statement expected.

591     private createAdjustmentForMetric(
        ~~~~~~~

systems/expressions/situations/educational/special_needs/adaptations/AdvancedFeaturesImplementation.ts:592:11 - error TS1005: ',' expected.

592     metric: string,
              ~

systems/expressions/situations/educational/special_needs/adaptations/AdvancedFeaturesImplementation.ts:593:10 - error TS1005: ',' expected.

593     value: number,
             ~

systems/expressions/situations/educational/special_needs/adaptations/AdvancedFeaturesImplementation.ts:594:14 - error TS1005: ',' expected.

594     threshold: number
                 ~

systems/expressions/situations/educational/special_needs/adaptations/AdvancedFeaturesImplementation.ts:595:2 - error TS1005: ';' expected.

595 ): { area: string; action: string; rationale: string } | null {
     ~

systems/expressions/situations/educational/special_needs/adaptations/AdvancedFeaturesImplementation.ts:595:56 - error TS1109: Expression expected.

595 ): { area: string; action: string; rationale: string } | null {
                                                           ~

systems/expressions/situations/educational/special_needs/adaptations/AdvancedFeaturesImplementation.ts:595:63 - error TS1005: ';' expected.

595 ): { area: string; action: string; rationale: string } | null {
                                                                  ~

systems/expressions/situations/educational/special_needs/adaptations/AdvancedFeaturesImplementation.ts:632:27 - error TS1005: ',' expected.

632 constructor(implementation: ExistingImplementation) {
                              ~

systems/expressions/situations/educational/special_needs/adaptations/AdvancedFeaturesImplementation.ts:632:53 - error TS1005: ';' expected.

632 constructor(implementation: ExistingImplementation) {
                                                        ~

systems/expressions/situations/educational/special_needs/adaptations/AdvancedFeaturesImplementation.ts:642:5 - error TS1434: Unexpected keyword or identifier.

642     async adaptContent(context: Record<string, unknown>, options: Record<string, unknown>): Promise < Record < string, unknown >> {
        ~~~~~

systems/expressions/situations/educational/special_needs/adaptations/AdvancedFeaturesImplementation.ts:642:31 - error TS1005: ',' expected.

642     async adaptContent(context: Record<string, unknown>, options: Record<string, unknown>): Promise < Record < string, unknown >> {
                                  ~

systems/expressions/situations/educational/special_needs/adaptations/AdvancedFeaturesImplementation.ts:642:65 - error TS1005: ',' expected.

642     async adaptContent(context: Record<string, unknown>, options: Record<string, unknown>): Promise < Record < string, unknown >> {
                                                                    ~

systems/expressions/situations/educational/special_needs/adaptations/AdvancedFeaturesImplementation.ts:642:91 - error TS1005: ';' expected.

642     async adaptContent(context: Record<string, unknown>, options: Record<string, unknown>): Promise < Record < string, unknown >> {
                                                                                              ~

systems/expressions/situations/educational/special_needs/adaptations/AdvancedFeaturesImplementation.ts:644:11 - error TS1005: ':' expected.

644     const result = await this.implementation.implementAdvancedFeatures(context, options);
              ~~~~~~

systems/expressions/situations/educational/special_needs/adaptations/AdvancedFeaturesImplementation.ts:644:89 - error TS1005: ',' expected.

644     const result = await this.implementation.implementAdvancedFeatures(context, options);
                                                                                            ~

systems/expressions/situations/educational/special_needs/adaptations/AdvancedFeaturesImplementation.ts:647:12 - error TS1005: ':' expected.

647     return {
               ~

systems/expressions/situations/educational/special_needs/adaptations/AdvancedFeaturesImplementation.ts:652:6 - error TS1005: ',' expected.

652     };
         ~

systems/expressions/situations/educational/special_needs/adaptations/AdvancedFeaturesImplementation.ts:654:1 - error TS1128: Declaration or statement expected.

654 }
    ~

systems/expressions/situations/educational/special_needs/adaptations/AdvancedFeaturesImplementation.ts:661:5 - error TS1128: Declaration or statement expected.

661     private generateRecommendationsForArea(area: string): string[] {
        ~~~~~~~

systems/expressions/situations/educational/special_needs/adaptations/AdvancedFeaturesImplementation.ts:661:48 - error TS1005: ',' expected.

661     private generateRecommendationsForArea(area: string): string[] {
                                                   ~

systems/expressions/situations/educational/special_needs/adaptations/AdvancedFeaturesImplementation.ts:661:57 - error TS1005: ';' expected.

661     private generateRecommendationsForArea(area: string): string[] {
                                                            ~

systems/expressions/situations/educational/special_needs/adaptations/AdvancedFeaturesImplementation.ts:661:66 - error TS1011: An element access expression should take an argument.

661     private generateRecommendationsForArea(area: string): string[] {


systems/expressions/situations/educational/special_needs/adaptations/AdvancedFeaturesImplementation.ts:661:68 - error TS1005: ';' expected.

661     private generateRecommendationsForArea(area: string): string[] {
                                                                       ~

systems/expressions/situations/educational/special_needs/adaptations/AdvancedFeaturesImplementation.ts:703:5 - error TS1128: Declaration or statement expected.

703     private estimateProjectedImprovement(
        ~~~~~~~

systems/expressions/situations/educational/special_needs/adaptations/AdvancedFeaturesImplementation.ts:704:17 - error TS1005: ',' expected.

704     currentScore: number,
                    ~

systems/expressions/situations/educational/special_needs/adaptations/AdvancedFeaturesImplementation.ts:705:21 - error TS1005: ',' expected.

705     adjustmentsCount: number
                        ~

systems/expressions/situations/educational/special_needs/adaptations/AdvancedFeaturesImplementation.ts:706:2 - error TS1005: ';' expected.

706 ): number {
     ~

systems/expressions/situations/educational/special_needs/adaptations/AdvancedFeaturesImplementation.ts:706:4 - error TS1434: Unexpected keyword or identifier.

706 ): number {
       ~~~~~~

systems/expressions/situations/educational/special_needs/adaptations/AdvancedFeaturesImplementation.ts:728:5 - error TS1128: Declaration or statement expected.

728     private calculateLearningEfficiency(
        ~~~~~~~

systems/expressions/situations/educational/special_needs/adaptations/AdvancedFeaturesImplementation.ts:729:16 - error TS1005: ',' expected.

729     sessionData: Record<string, unknown>,
                   ~

systems/expressions/situations/educational/special_needs/adaptations/AdvancedFeaturesImplementation.ts:730:11 - error TS1005: ',' expected.

730     result: AdvancedFeaturesResult
              ~

systems/expressions/situations/educational/special_needs/adaptations/AdvancedFeaturesImplementation.ts:731:2 - error TS1005: ';' expected.

731 ): number {
     ~

systems/expressions/situations/educational/special_needs/adaptations/AdvancedFeaturesImplementation.ts:731:4 - error TS1434: Unexpected keyword or identifier.

731 ): number {
       ~~~~~~

systems/expressions/situations/educational/special_needs/adaptations/AdvancedFeaturesImplementation.ts:784:5 - error TS1128: Declaration or statement expected.

784     private calculateCognitiveLoadReduction(
        ~~~~~~~

systems/expressions/situations/educational/special_needs/adaptations/AdvancedFeaturesImplementation.ts:785:16 - error TS1005: ',' expected.

785     sessionData: Record<string, unknown>,
                   ~

systems/expressions/situations/educational/special_needs/adaptations/AdvancedFeaturesImplementation.ts:786:11 - error TS1005: ',' expected.

786     result: AdvancedFeaturesResult
              ~

systems/expressions/situations/educational/special_needs/adaptations/AdvancedFeaturesImplementation.ts:787:2 - error TS1005: ';' expected.

787 ): number {
     ~

systems/expressions/situations/educational/special_needs/adaptations/AdvancedFeaturesImplementation.ts:787:4 - error TS1434: Unexpected keyword or identifier.

787 ): number {
       ~~~~~~

systems/expressions/situations/educational/special_needs/adaptations/AdvancedFeaturesImplementation.ts:831:5 - error TS1128: Declaration or statement expected.

831     private calculateEngagementBoost(
        ~~~~~~~

systems/expressions/situations/educational/special_needs/adaptations/AdvancedFeaturesImplementation.ts:832:16 - error TS1005: ',' expected.

832     sessionData: Record<string, unknown>,
                   ~

systems/expressions/situations/educational/special_needs/adaptations/AdvancedFeaturesImplementation.ts:833:11 - error TS1005: ',' expected.

833     result: AdvancedFeaturesResult
              ~

systems/expressions/situations/educational/special_needs/adaptations/AdvancedFeaturesImplementation.ts:834:2 - error TS1005: ';' expected.

834 ): number {
     ~

systems/expressions/situations/educational/special_needs/adaptations/AdvancedFeaturesImplementation.ts:834:4 - error TS1434: Unexpected keyword or identifier.

834 ): number {
       ~~~~~~

systems/expressions/situations/educational/special_needs/adaptations/AdvancedFeaturesImplementation.ts:884:5 - error TS1128: Declaration or statement expected.

884     private calculateEmotionalConnection(
        ~~~~~~~

systems/expressions/situations/educational/special_needs/adaptations/AdvancedFeaturesImplementation.ts:885:16 - error TS1005: ',' expected.

885     sessionData: Record<string, unknown>,
                   ~

systems/expressions/situations/educational/special_needs/adaptations/AdvancedFeaturesImplementation.ts:886:11 - error TS1005: ',' expected.

886     result: AdvancedFeaturesResult
              ~

systems/expressions/situations/educational/special_needs/adaptations/AdvancedFeaturesImplementation.ts:887:2 - error TS1005: ';' expected.

887 ): number {
     ~

systems/expressions/situations/educational/special_needs/adaptations/AdvancedFeaturesImplementation.ts:887:4 - error TS1434: Unexpected keyword or identifier.

887 ): number {
       ~~~~~~

systems/expressions/situations/educational/special_needs/adaptations/AdvancedFeaturesImplementation.ts:921:1 - error TS1128: Declaration or statement expected.

921 }
    ~

validation/Guide d'Intégration du Système de Validations collaborativei.ts:1:1 - error TS1127: Invalid character.

1 # Guide d'Intégration du Système de Validation Collaborative
  ~

validation/Guide d'Intégration du Système de Validations collaborativei.ts:1:3 - error TS1005: ';' expected.

1 # Guide d'Intégration du Système de Validation Collaborative
    ~~~~~

validation/Guide d'Intégration du Système de Validations collaborativei.ts:1:9 - error TS1434: Unexpected keyword or identifier.

1 # Guide d'Intégration du Système de Validation Collaborative
          ~

validation/Guide d'Intégration du Système de Validations collaborativei.ts:1:61 - error TS1002: Unterminated string literal.

1 # Guide d'Intégration du Système de Validation Collaborative


validation/Guide d'Intégration du Système de Validations collaborativei.ts:3:1 - error TS1434: Unexpected keyword or identifier.

3 Ce guide vous aidera à intégrer le Système de Validation Collaborative dans vos applications existantes.Il couvre l'installation, la configuration, et plusieurs scénarios d'intégration courants.
  ~~

validation/Guide d'Intégration du Système de Validations collaborativei.ts:3:4 - error TS1434: Unexpected keyword or identifier.

3 Ce guide vous aidera à intégrer le Système de Validation Collaborative dans vos applications existantes.Il couvre l'installation, la configuration, et plusieurs scénarios d'intégration courants.
     ~~~~~

validation/Guide d'Intégration du Système de Validations collaborativei.ts:3:10 - error TS1434: Unexpected keyword or identifier.

3 Ce guide vous aidera à intégrer le Système de Validation Collaborative dans vos applications existantes.Il couvre l'installation, la configuration, et plusieurs scénarios d'intégration courants.
           ~~~~

validation/Guide d'Intégration du Système de Validations collaborativei.ts:3:15 - error TS1434: Unexpected keyword or identifier.

3 Ce guide vous aidera à intégrer le Système de Validation Collaborative dans vos applications existantes.Il couvre l'installation, la configuration, et plusieurs scénarios d'intégration courants.
                ~~~~~~

validation/Guide d'Intégration du Système de Validations collaborativei.ts:3:22 - error TS1434: Unexpected keyword or identifier.

3 Ce guide vous aidera à intégrer le Système de Validation Collaborative dans vos applications existantes.Il couvre l'installation, la configuration, et plusieurs scénarios d'intégration courants.
                       ~

validation/Guide d'Intégration du Système de Validations collaborativei.ts:3:24 - error TS1434: Unexpected keyword or identifier.

3 Ce guide vous aidera à intégrer le Système de Validation Collaborative dans vos applications existantes.Il couvre l'installation, la configuration, et plusieurs scénarios d'intégration courants.
                         ~~~~~~~~

validation/Guide d'Intégration du Système de Validations collaborativei.ts:3:33 - error TS1434: Unexpected keyword or identifier.

3 Ce guide vous aidera à intégrer le Système de Validation Collaborative dans vos applications existantes.Il couvre l'installation, la configuration, et plusieurs scénarios d'intégration courants.
                                  ~~

validation/Guide d'Intégration du Système de Validations collaborativei.ts:3:36 - error TS1434: Unexpected keyword or identifier.

3 Ce guide vous aidera à intégrer le Système de Validation Collaborative dans vos applications existantes.Il couvre l'installation, la configuration, et plusieurs scénarios d'intégration courants.
                                     ~~~~~~~

validation/Guide d'Intégration du Système de Validations collaborativei.ts:3:44 - error TS1434: Unexpected keyword or identifier.

3 Ce guide vous aidera à intégrer le Système de Validation Collaborative dans vos applications existantes.Il couvre l'installation, la configuration, et plusieurs scénarios d'intégration courants.
                                             ~~

validation/Guide d'Intégration du Système de Validations collaborativei.ts:3:47 - error TS1434: Unexpected keyword or identifier.

3 Ce guide vous aidera à intégrer le Système de Validation Collaborative dans vos applications existantes.Il couvre l'installation, la configuration, et plusieurs scénarios d'intégration courants.
                                                ~~~~~~~~~~

validation/Guide d'Intégration du Système de Validations collaborativei.ts:3:58 - error TS1434: Unexpected keyword or identifier.

3 Ce guide vous aidera à intégrer le Système de Validation Collaborative dans vos applications existantes.Il couvre l'installation, la configuration, et plusieurs scénarios d'intégration courants.
                                                           ~~~~~~~~~~~~~

validation/Guide d'Intégration du Système de Validations collaborativei.ts:3:72 - error TS1434: Unexpected keyword or identifier.

3 Ce guide vous aidera à intégrer le Système de Validation Collaborative dans vos applications existantes.Il couvre l'installation, la configuration, et plusieurs scénarios d'intégration courants.
                                                                         ~~~~

validation/Guide d'Intégration du Système de Validations collaborativei.ts:3:77 - error TS1434: Unexpected keyword or identifier.

3 Ce guide vous aidera à intégrer le Système de Validation Collaborative dans vos applications existantes.Il couvre l'installation, la configuration, et plusieurs scénarios d'intégration courants.
                                                                              ~~~

validation/Guide d'Intégration du Système de Validations collaborativei.ts:3:81 - error TS1434: Unexpected keyword or identifier.

3 Ce guide vous aidera à intégrer le Système de Validation Collaborative dans vos applications existantes.Il couvre l'installation, la configuration, et plusieurs scénarios d'intégration courants.
                                                                                  ~~~~~~~~~~~~

validation/Guide d'Intégration du Système de Validations collaborativei.ts:3:108 - error TS1005: ';' expected.

3 Ce guide vous aidera à intégrer le Système de Validation Collaborative dans vos applications existantes.Il couvre l'installation, la configuration, et plusieurs scénarios d'intégration courants.
                                                                                                             ~~~~~~

validation/Guide d'Intégration du Système de Validations collaborativei.ts:3:115 - error TS1434: Unexpected keyword or identifier.

3 Ce guide vous aidera à intégrer le Système de Validation Collaborative dans vos applications existantes.Il couvre l'installation, la configuration, et plusieurs scénarios d'intégration courants.
                                                                                                                    ~

validation/Guide d'Intégration du Système de Validations collaborativei.ts:3:174 - error TS1005: ';' expected.

3 Ce guide vous aidera à intégrer le Système de Validation Collaborative dans vos applications existantes.Il couvre l'installation, la configuration, et plusieurs scénarios d'intégration courants.

                                                       ~~~~~~~~~~~

validation/Guide d'Intégration du Système de Validations collaborativei.ts:3:195 - error TS1003: Identifier expected.

3 Ce guide vous aidera à intégrer le Système de Validation Collaborative dans vos applications existantes.Il couvre l'installation, la configuration, et plusieurs scénarios d'intégration courants.



validation/Guide d'Intégration du Système de Validations collaborativei.ts:5:1 - error TS1127: Invalid character.

5 ## Table des matières
  ~

validation/Guide d'Intégration du Système de Validations collaborativei.ts:5:2 - error TS1127: Invalid character.

5 ## Table des matières
   ~

validation/Guide d'Intégration du Système de Validations collaborativei.ts:5:4 - error TS1005: ';' expected.

5 ## Table des matières
     ~~~~~

validation/Guide d'Intégration du Système de Validations collaborativei.ts:5:10 - error TS1434: Unexpected keyword or identifier.

5 ## Table des matières
           ~~~

validation/Guide d'Intégration du Système de Validations collaborativei.ts:9:18 - error TS1005: ']' expected.

9 3.[Configuration de base](#configuration - de - base)
                   ~~

validation/Guide d'Intégration du Système de Validations collaborativei.ts:9:21 - error TS1434: Unexpected keyword or identifier.

9 3.[Configuration de base](#configuration - de - base)
                      ~~~~

validation/Guide d'Intégration du Système de Validations collaborativei.ts:9:25 - error TS1128: Declaration or statement expected.

9 3.[Configuration de base](#configuration - de - base)
                          ~

validation/Guide d'Intégration du Système de Validations collaborativei.ts:10:14 - error TS1005: ']' expected.

10 4.[Scénarios d'intégration](#scénarios-dintégration)
                ~

validation/Guide d'Intégration du Système de Validations collaborativei.ts:10:14 - error TS1434: Unexpected keyword or identifier.

10 4.[Scénarios d'intégration](#scénarios-dintégration)
                ~

validation/Guide d'Intégration du Système de Validations collaborativei.ts:10:53 - error TS1002: Unterminated string literal.

10 4.[Scénarios d'intégration](#scénarios-dintégration)


validation/Guide d'Intégration du Système de Validations collaborativei.ts:11:20 - error TS1005: ',' expected.

11     - [Intégration backend](#intégration - backend)
                      ~~~~~~~

validation/Guide d'Intégration du Système de Validations collaborativei.ts:12:20 - error TS1005: ',' expected.

12     - [Intégration frontend](#intégration - frontend)
                      ~~~~~~~~

validation/Guide d'Intégration du Système de Validations collaborativei.ts:13:20 - error TS1005: ',' expected.

13     - [Intégration avec une base de données](#intégration - avec - une - base - de - données)
                      ~~~~

validation/Guide d'Intégration du Système de Validations collaborativei.ts:13:25 - error TS1005: ',' expected.

13     - [Intégration avec une base de données](#intégration - avec - une - base - de - données)
                           ~~~

validation/Guide d'Intégration du Système de Validations collaborativei.ts:13:29 - error TS1005: ',' expected.

13     - [Intégration avec une base de données](#intégration - avec - une - base - de - données)
                               ~~~~

validation/Guide d'Intégration du Système de Validations collaborativei.ts:13:34 - error TS1005: ',' expected.

13     - [Intégration avec une base de données](#intégration - avec - une - base - de - données)
                                    ~~

validation/Guide d'Intégration du Système de Validations collaborativei.ts:13:37 - error TS1005: ',' expected.

13     - [Intégration avec une base de données](#intégration - avec - une - base - de - données)
                                       ~~~~~~~

validation/Guide d'Intégration du Système de Validations collaborativei.ts:14:14 - error TS1005: ']' expected.

14 5.[Migration depuis des systèmes existants](#migration - depuis - des - systèmes - existants)
                ~~~~~~

validation/Guide d'Intégration du Système de Validations collaborativei.ts:14:21 - error TS1434: Unexpected keyword or identifier.

14 5.[Migration depuis des systèmes existants](#migration - depuis - des - systèmes - existants)
                       ~~~

validation/Guide d'Intégration du Système de Validations collaborativei.ts:14:25 - error TS1434: Unexpected keyword or identifier.

14 5.[Migration depuis des systèmes existants](#migration - depuis - des - systèmes - existants)
                           ~~~~~~~~

validation/Guide d'Intégration du Système de Validations collaborativei.ts:14:34 - error TS1434: Unexpected keyword or identifier.

14 5.[Migration depuis des systèmes existants](#migration - depuis - des - systèmes - existants)
                                    ~~~~~~~~~

validation/Guide d'Intégration du Système de Validations collaborativei.ts:14:43 - error TS1128: Declaration or statement expected.

14 5.[Migration depuis des systèmes existants](#migration - depuis - des - systèmes - existants)
                                             ~

validation/Guide d'Intégration du Système de Validations collaborativei.ts:15:13 - error TS1005: ']' expected.

15 6.[Exemples d'intégration](#exemples-dintégration)
               ~

validation/Guide d'Intégration du Système de Validations collaborativei.ts:15:13 - error TS1434: Unexpected keyword or identifier.

15 6.[Exemples d'intégration](#exemples-dintégration)
               ~

validation/Guide d'Intégration du Système de Validations collaborativei.ts:15:51 - error TS1002: Unterminated string literal.

15 6.[Exemples d'intégration](#exemples-dintégration)


validation/Guide d'Intégration du Système de Validations collaborativei.ts:17:11 - error TS1005: ']' expected.

17 8.[Bonnes pratiques](#bonnes - pratiques)
             ~~~~~~~~~

validation/Guide d'Intégration du Système de Validations collaborativei.ts:17:20 - error TS1128: Declaration or statement expected.

17 8.[Bonnes pratiques](#bonnes - pratiques)
                      ~

validation/Guide d'Intégration du Système de Validations collaborativei.ts:19:1 - error TS1127: Invalid character.

19 ## Prérequis
   ~

validation/Guide d'Intégration du Système de Validations collaborativei.ts:19:2 - error TS1127: Invalid character.

19 ## Prérequis
    ~

validation/Guide d'Intégration du Système de Validations collaborativei.ts:19:4 - error TS1005: ';' expected.

19 ## Prérequis
      ~~~~~~~~~

validation/Guide d'Intégration du Système de Validations collaborativei.ts:21:21 - error TS1351: An identifier or keyword cannot immediately follow a numeric literal.

21     - Node.js >= 16.x
                       ~

validation/Guide d'Intégration du Système de Validations collaborativei.ts:23:15 - error TS1005: ';' expected.

23         - npm ou yarn
                 ~~

validation/Guide d'Intégration du Système de Validations collaborativei.ts:25:1 - error TS1127: Invalid character.

25 ## Installation
   ~

validation/Guide d'Intégration du Système de Validations collaborativei.ts:25:2 - error TS1127: Invalid character.

25 ## Installation
    ~

validation/Guide d'Intégration du Système de Validations collaborativei.ts:25:4 - error TS1005: ';' expected.

25 ## Installation
      ~~~~~~~~~~~~

validation/Guide d'Intégration du Système de Validations collaborativei.ts:27:1 - error TS1127: Invalid character.

27 ### Via npm
   ~

validation/Guide d'Intégration du Système de Validations collaborativei.ts:27:2 - error TS1127: Invalid character.

27 ### Via npm
    ~

validation/Guide d'Intégration du Système de Validations collaborativei.ts:27:3 - error TS1127: Invalid character.

27 ### Via npm
     ~

validation/Guide d'Intégration du Système de Validations collaborativei.ts:27:5 - error TS1005: ';' expected.

27 ### Via npm
       ~~~

validation/Guide d'Intégration du Système de Validations collaborativei.ts:33:1 - error TS1127: Invalid character.

33 ### Via yarn
   ~

validation/Guide d'Intégration du Système de Validations collaborativei.ts:33:2 - error TS1127: Invalid character.

33 ### Via yarn
    ~

validation/Guide d'Intégration du Système de Validations collaborativei.ts:33:3 - error TS1127: Invalid character.

33 ### Via yarn
     ~

validation/Guide d'Intégration du Système de Validations collaborativei.ts:33:5 - error TS1005: ';' expected.

33 ### Via yarn
       ~~~

validation/Guide d'Intégration du Système de Validations collaborativei.ts:39:1 - error TS1127: Invalid character.

39 ### À partir des sources
   ~

validation/Guide d'Intégration du Système de Validations collaborativei.ts:39:2 - error TS1127: Invalid character.

39 ### À partir des sources
    ~

validation/Guide d'Intégration du Système de Validations collaborativei.ts:39:3 - error TS1127: Invalid character.

39 ### À partir des sources
     ~

validation/Guide d'Intégration du Système de Validations collaborativei.ts:39:5 - error TS1005: ';' expected.

39 ### À partir des sources
       ~

validation/Guide d'Intégration du Système de Validations collaborativei.ts:39:7 - error TS1434: Unexpected keyword or identifier.

39 ### À partir des sources
         ~~~~~~

validation/Guide d'Intégration du Système de Validations collaborativei.ts:39:14 - error TS1434: Unexpected keyword or identifier.

39 ### À partir des sources
                ~~~

validation/Guide d'Intégration du Système de Validations collaborativei.ts:48:1 - error TS1127: Invalid character.

48 ## Configuration de base
   ~

validation/Guide d'Intégration du Système de Validations collaborativei.ts:48:2 - error TS1127: Invalid character.

48 ## Configuration de base
    ~

validation/Guide d'Intégration du Système de Validations collaborativei.ts:48:4 - error TS1005: ';' expected.

48 ## Configuration de base
      ~~~~~~~~~~~~~

validation/Guide d'Intégration du Système de Validations collaborativei.ts:48:18 - error TS1434: Unexpected keyword or identifier.

48 ## Configuration de base
                    ~~

validation/Guide d'Intégration du Système de Validations collaborativei.ts:50:1 - error TS1127: Invalid character.

50 ### Configuration minimale
   ~

validation/Guide d'Intégration du Système de Validations collaborativei.ts:50:2 - error TS1127: Invalid character.

50 ### Configuration minimale
    ~

validation/Guide d'Intégration du Système de Validations collaborativei.ts:50:3 - error TS1127: Invalid character.

50 ### Configuration minimale
     ~

validation/Guide d'Intégration du Système de Validations collaborativei.ts:50:5 - error TS1005: ';' expected.

50 ### Configuration minimale
       ~~~~~~~~~~~~~

validation/Guide d'Intégration du Système de Validations collaborativei.ts:64:1 - error TS1127: Invalid character.

64 ### Configuration complète
   ~

validation/Guide d'Intégration du Système de Validations collaborativei.ts:64:2 - error TS1127: Invalid character.

64 ### Configuration complète
    ~

validation/Guide d'Intégration du Système de Validations collaborativei.ts:64:3 - error TS1127: Invalid character.

64 ### Configuration complète
     ~

validation/Guide d'Intégration du Système de Validations collaborativei.ts:64:5 - error TS1005: ';' expected.

64 ### Configuration complète
       ~~~~~~~~~~~~~

validation/Guide d'Intégration du Système de Validations collaborativei.ts:91:1 - error TS1127: Invalid character.

91 ## Scénarios d'intégration
   ~

validation/Guide d'Intégration du Système de Validations collaborativei.ts:91:2 - error TS1127: Invalid character.

91 ## Scénarios d'intégration
    ~

validation/Guide d'Intégration du Système de Validations collaborativei.ts:91:4 - error TS1005: ';' expected.

91 ## Scénarios d'intégration
      ~~~~~~~~~

validation/Guide d'Intégration du Système de Validations collaborativei.ts:91:14 - error TS1434: Unexpected keyword or identifier.

91 ## Scénarios d'intégration
                ~

validation/Guide d'Intégration du Système de Validations collaborativei.ts:91:27 - error TS1002: Unterminated string literal.

91 ## Scénarios d'intégration


validation/Guide d'Intégration du Système de Validations collaborativei.ts:93:1 - error TS1127: Invalid character.

93 ### Intégration backend
   ~

validation/Guide d'Intégration du Système de Validations collaborativei.ts:93:2 - error TS1127: Invalid character.

93 ### Intégration backend
    ~

validation/Guide d'Intégration du Système de Validations collaborativei.ts:93:3 - error TS1127: Invalid character.

93 ### Intégration backend
     ~

validation/Guide d'Intégration du Système de Validations collaborativei.ts:93:5 - error TS1005: ';' expected.

93 ### Intégration backend
       ~~~~~~~~~~~

validation/Guide d'Intégration du Système de Validations collaborativei.ts:95:1 - error TS1127: Invalid character.

95 #### Express.js
   ~

validation/Guide d'Intégration du Système de Validations collaborativei.ts:95:2 - error TS1127: Invalid character.

95 #### Express.js
    ~

validation/Guide d'Intégration du Système de Validations collaborativei.ts:95:3 - error TS1127: Invalid character.

95 #### Express.js
     ~

validation/Guide d'Intégration du Système de Validations collaborativei.ts:95:4 - error TS1127: Invalid character.

95 #### Express.js
      ~

validation/Guide d'Intégration du Système de Validations collaborativei.ts:95:6 - error TS1005: ';' expected.

95 #### Express.js
        ~~~~~~~

validation/Guide d'Intégration du Système de Validations collaborativei.ts:173:1 - error TS1127: Invalid character.

173 #### NestJS
    ~

validation/Guide d'Intégration du Système de Validations collaborativei.ts:173:2 - error TS1127: Invalid character.

173 #### NestJS
     ~

validation/Guide d'Intégration du Système de Validations collaborativei.ts:173:3 - error TS1127: Invalid character.

173 #### NestJS
      ~

validation/Guide d'Intégration du Système de Validations collaborativei.ts:173:4 - error TS1127: Invalid character.

173 #### NestJS
       ~

validation/Guide d'Intégration du Système de Validations collaborativei.ts:173:6 - error TS1005: ';' expected.

173 #### NestJS
         ~~~~~~

validation/Guide d'Intégration du Système de Validations collaborativei.ts:258:1 - error TS1127: Invalid character.

258 ### Intégration frontend
    ~

validation/Guide d'Intégration du Système de Validations collaborativei.ts:258:2 - error TS1127: Invalid character.

258 ### Intégration frontend
     ~

validation/Guide d'Intégration du Système de Validations collaborativei.ts:258:3 - error TS1127: Invalid character.

258 ### Intégration frontend
      ~

validation/Guide d'Intégration du Système de Validations collaborativei.ts:258:5 - error TS1005: ';' expected.

258 ### Intégration frontend
        ~~~~~~~~~~~

validation/Guide d'Intégration du Système de Validations collaborativei.ts:260:1 - error TS1127: Invalid character.

260 #### React
    ~

validation/Guide d'Intégration du Système de Validations collaborativei.ts:260:2 - error TS1127: Invalid character.

260 #### React
     ~

validation/Guide d'Intégration du Système de Validations collaborativei.ts:260:3 - error TS1127: Invalid character.

260 #### React
      ~

validation/Guide d'Intégration du Système de Validations collaborativei.ts:260:4 - error TS1127: Invalid character.

260 #### React
       ~

validation/Guide d'Intégration du Système de Validations collaborativei.ts:260:6 - error TS1005: ';' expected.

260 #### React
         ~~~~~

validation/Guide d'Intégration du Système de Validations collaborativei.ts:313:57 - error TS1005: ';' expected.

313       const response = await api.post(`/ validations / ${ validationId }/feedback`, feedback);
                                                            ~

validation/Guide d'Intégration du Système de Validations collaborativei.ts:313:73 - error TS1161: Unterminated regular expression literal.

313       const response = await api.post(`/ validations / ${ validationId }/feedback`, feedback);
                                                                            ~~~~~~~~~~~~~~~~~~~~

validation/Guide d'Intégration du Système de Validations collaborativei.ts:313:93 - error TS1005: ';' expected.

313       const response = await api.post(`/ validations / ${ validationId }/feedback`, feedback);
                                                                                                ~

validation/Guide d'Intégration du Système de Validations collaborativei.ts:315:5 - error TS1128: Declaration or statement expected.

315     } catch (error) {
        ~

validation/Guide d'Intégration du Système de Validations collaborativei.ts:315:7 - error TS1005: 'try' expected.

315     } catch (error) {
          ~~~~~

validation/Guide d'Intégration du Système de Validations collaborativei.ts:319:3 - error TS1128: Declaration or statement expected.

319   };
      ~

validation/Guide d'Intégration du Système de Validations collaborativei.ts:343:33 - error TS1005: '>' expected.

343     <ValidationContext.Provider value= { value } >
                                    ~~~~~

validation/Guide d'Intégration du Système de Validations collaborativei.ts:343:38 - error TS1005: ')' expected.

343     <ValidationContext.Provider value= { value } >
                                         ~

validation/Guide d'Intégration du Système de Validations collaborativei.ts:345:6 - error TS1161: Unterminated regular expression literal.

345     </ValidationContext.Provider>
         ~~~~~~~~~~~~~~~~~~~~~~~~~~~~

validation/Guide d'Intégration du Système de Validations collaborativei.ts:346:3 - error TS1128: Declaration or statement expected.

346   );
      ~

validation/Guide d'Intégration du Système de Validations collaborativei.ts:347:1 - error TS1128: Declaration or statement expected.

347 };
    ~

validation/Guide d'Intégration du Système de Validations collaborativei.ts:388:2 - error TS1443: Module declaration names may only use ' or " quoted strings.

388 ```typescript
     ~~

validation/Guide d'Intégration du Système de Validations collaborativei.ts:454:11 - error TS1005: '>' expected.

454     <form @submit.prevent="handleSubmit" >
              ~

validation/Guide d'Intégration du Système de Validations collaborativei.ts:454:26 - error TS1109: Expression expected.

454     <form @submit.prevent="handleSubmit" >


validation/Guide d'Intégration du Système de Validations collaborativei.ts:455:11 - error TS1110: Type expected.

455         <!--Champs du formulaire... -->
              ~~

validation/Guide d'Intégration du Système de Validations collaborativei.ts:455:20 - error TS1005: ';' expected.

455         <!--Champs du formulaire... -->
                       ~~

validation/Guide d'Intégration du Système de Validations collaborativei.ts:455:23 - error TS1435: Unknown keyword or identifier. Did you mean 'for mulaire'?

455         <!--Champs du formulaire... -->
                          ~~~~~~~~~~

validation/Guide d'Intégration du Système de Validations collaborativei.ts:455:33 - error TS1128: Declaration or statement expected.

455         <!--Champs du formulaire... -->
                                    ~~~

validation/Guide d'Intégration du Système de Validations collaborativei.ts:455:39 - error TS1109: Expression expected.

455         <!--Champs du formulaire... -->
                                          ~

validation/Guide d'Intégration du Système de Validations collaborativei.ts:456:21 - error TS1005: '>' expected.

456             <button type="submit" > Soumettre </button>
                        ~~~~

validation/Guide d'Intégration du Système de Validations collaborativei.ts:456:25 - error TS1005: ';' expected.

456             <button type="submit" > Soumettre </button>
                            ~

validation/Guide d'Intégration du Système de Validations collaborativei.ts:456:48 - error TS1161: Unterminated regular expression literal.

456             <button type="submit" > Soumettre </button>
                                                   ~~~~~~~~

validation/Guide d'Intégration du Système de Validations collaborativei.ts:457:18 - error TS1161: Unterminated regular expression literal.

457                 </form>
                     ~~~~~~

validation/Guide d'Intégration du Système de Validations collaborativei.ts:458:18 - error TS1161: Unterminated regular expression literal.

458                 </template>
                     ~~~~~~~~~~

validation/Guide d'Intégration du Système de Validations collaborativei.ts:499:2 - error TS1110: Type expected.

499 </script>
     ~

validation/Guide d'Intégration du Système de Validations collaborativei.ts:508:4 - error TS1005: ';' expected.

508 ```typescript
       ~~~~~~~~~~

validation/Guide d'Intégration du Système de Validations collaborativei.ts:635:2 - error TS1443: Module declaration names may only use ' or " quoted strings.

635 ```typescript
     ~~

validation/Guide d'Intégration du Système de Validations collaborativei.ts:759:2 - error TS1443: Module declaration names may only use ' or " quoted strings.

759 ```typescript
     ~~

validation/Guide d'Intégration du Système de Validations collaborativei.ts:798:2 - error TS1443: Module declaration names may only use ' or " quoted strings.

798 ```typescript
     ~~

validation/Guide d'Intégration du Système de Validations collaborativei.ts:912:2 - error TS1443: Module declaration names may only use ' or " quoted strings.

912 ```typescript
     ~~

validation/Guide d'Intégration du Système de Validations collaborativei.ts:996:2 - error TS1443: Module declaration names may only use ' or " quoted strings.

996 ```typescript
     ~~

validation/Guide d'Intégration du Système de Validations collaborativei.ts:1082:3 - error TS1443: Module declaration names may only use ' or " quoted strings.

1082 ```
       ~
1083

 ...
1089

1090 **Problème :** L'appel à `getValidationSystem()` échoue ou ne se termine pas.
     ~~~~~~~~~~~~~~~~~~~~~~~~~~

validation/Guide d'Intégration du Système de Validations collaborativei.ts:1098:2 - error TS1443: Module declaration names may only use ' or " quoted strings.

1098 ```typescript
      ~~

validation/Guide d'Intégration du Système de Validations collaborativei.ts:1119:2 - error TS1443: Module declaration names may only use ' or " quoted strings.

1119 ```typescript
      ~~

validation/Guide d'Intégration du Système de Validations collaborativei.ts:1144:2 - error TS1443: Module declaration names may only use ' or " quoted strings.

1144 ```typescript
      ~~

validation/Guide d'Intégration du Système de Validations collaborativei.ts:1177:1 - error TS1127: Invalid character.

1177 ├── src /
     ~

validation/Guide d'Intégration du Système de Validations collaborativei.ts:1177:2 - error TS1127: Invalid character.

1177 ├── src /
      ~

validation/Guide d'Intégration du Système de Validations collaborativei.ts:1177:3 - error TS1127: Invalid character.

1177 ├── src /
       ~

validation/Guide d'Intégration du Système de Validations collaborativei.ts:1178:1 - error TS1127: Invalid character.

1178 │   ├── services /
     ~

validation/Guide d'Intégration du Système de Validations collaborativei.ts:1178:5 - error TS1127: Invalid character.

1178 │   ├── services /
         ~

validation/Guide d'Intégration du Système de Validations collaborativei.ts:1178:6 - error TS1127: Invalid character.

1178 │   ├── services /
          ~

validation/Guide d'Intégration du Système de Validations collaborativei.ts:1178:7 - error TS1127: Invalid character.

1178 │   ├── services /
           ~

validation/Guide d'Intégration du Système de Validations collaborativei.ts:1179:1 - error TS1127: Invalid character.

1179 │   │   └── validation - service.ts  # Point d'entrée principal
     ~

validation/Guide d'Intégration du Système de Validations collaborativei.ts:1179:5 - error TS1127: Invalid character.

1179 │   │   └── validation - service.ts  # Point d'entrée principal
         ~

validation/Guide d'Intégration du Système de Validations collaborativei.ts:1179:9 - error TS1127: Invalid character.

1179 │   │   └── validation - service.ts  # Point d'entrée principal
             ~

validation/Guide d'Intégration du Système de Validations collaborativei.ts:1179:10 - error TS1127: Invalid character.

1179 │   │   └── validation - service.ts  # Point d'entrée principal
              ~

validation/Guide d'Intégration du Système de Validations collaborativei.ts:1179:11 - error TS1127: Invalid character.

1179 │   │   └── validation - service.ts  # Point d'entrée principal
               ~

validation/Guide d'Intégration du Système de Validations collaborativei.ts:1179:38 - error TS1127: Invalid character.

1179 │   │   └── validation - service.ts  # Point d'entrée principal
                                          ~

validation/Guide d'Intégration du Système de Validations collaborativei.ts:1179:40 - error TS1005: ';' expected.

1179 │   │   └── validation - service.ts  # Point d'entrée principal
                                            ~~~~~

validation/Guide d'Intégration du Système de Validations collaborativei.ts:1179:46 - error TS1434: Unexpected keyword or identifier.

1179 │   │   └── validation - service.ts  # Point d'entrée principal
                                                  ~

validation/Guide d'Intégration du Système de Validations collaborativei.ts:1179:64 - error TS1002: Unterminated string literal.

1179 │   │   └── validation - service.ts  # Point d'entrée principal


validation/Guide d'Intégration du Système de Validations collaborativei.ts:1180:1 - error TS1127: Invalid character.

1180 │   ├── models /
     ~

validation/Guide d'Intégration du Système de Validations collaborativei.ts:1180:5 - error TS1127: Invalid character.

1180 │   ├── models /
         ~

validation/Guide d'Intégration du Système de Validations collaborativei.ts:1180:6 - error TS1127: Invalid character.

1180 │   ├── models /
          ~

validation/Guide d'Intégration du Système de Validations collaborativei.ts:1180:7 - error TS1127: Invalid character.

1180 │   ├── models /
           ~

validation/Guide d'Intégration du Système de Validations collaborativei.ts:1181:1 - error TS1127: Invalid character.

1181 │   │   └── validation - models.ts   # Types / interfaces
     ~

validation/Guide d'Intégration du Système de Validations collaborativei.ts:1181:5 - error TS1127: Invalid character.

1181 │   │   └── validation - models.ts   # Types / interfaces
         ~

validation/Guide d'Intégration du Système de Validations collaborativei.ts:1181:9 - error TS1127: Invalid character.

1181 │   │   └── validation - models.ts   # Types / interfaces
             ~

validation/Guide d'Intégration du Système de Validations collaborativei.ts:1181:10 - error TS1127: Invalid character.

1181 │   │   └── validation - models.ts   # Types / interfaces
              ~

validation/Guide d'Intégration du Système de Validations collaborativei.ts:1181:11 - error TS1127: Invalid character.

1181 │   │   └── validation - models.ts   # Types / interfaces
               ~

validation/Guide d'Intégration du Système de Validations collaborativei.ts:1181:38 - error TS1127: Invalid character.

1181 │   │   └── validation - models.ts   # Types / interfaces
                                          ~

validation/Guide d'Intégration du Système de Validations collaborativei.ts:1181:40 - error TS1005: ';' expected.

1181 │   │   └── validation - models.ts   # Types / interfaces
                                            ~~~~~

validation/Guide d'Intégration du Système de Validations collaborativei.ts:1182:1 - error TS1127: Invalid character.

1182 │   ├── controllers /
     ~

validation/Guide d'Intégration du Système de Validations collaborativei.ts:1182:5 - error TS1127: Invalid character.

1182 │   ├── controllers /
         ~

validation/Guide d'Intégration du Système de Validations collaborativei.ts:1182:6 - error TS1127: Invalid character.

1182 │   ├── controllers /
          ~

validation/Guide d'Intégration du Système de Validations collaborativei.ts:1182:7 - error TS1127: Invalid character.

1182 │   ├── controllers /
           ~

validation/Guide d'Intégration du Système de Validations collaborativei.ts:1183:1 - error TS1127: Invalid character.

1183 │   │   └── validation - controller.ts  # Logique métier
     ~

validation/Guide d'Intégration du Système de Validations collaborativei.ts:1183:5 - error TS1127: Invalid character.

1183 │   │   └── validation - controller.ts  # Logique métier
         ~

validation/Guide d'Intégration du Système de Validations collaborativei.ts:1183:9 - error TS1127: Invalid character.

1183 │   │   └── validation - controller.ts  # Logique métier
             ~

validation/Guide d'Intégration du Système de Validations collaborativei.ts:1183:10 - error TS1127: Invalid character.

1183 │   │   └── validation - controller.ts  # Logique métier
              ~

validation/Guide d'Intégration du Système de Validations collaborativei.ts:1183:11 - error TS1127: Invalid character.

1183 │   │   └── validation - controller.ts  # Logique métier
               ~

validation/Guide d'Intégration du Système de Validations collaborativei.ts:1183:41 - error TS1127: Invalid character.

1183 │   │   └── validation - controller.ts  # Logique métier
                                             ~

validation/Guide d'Intégration du Système de Validations collaborativei.ts:1183:43 - error TS1005: ';' expected.

1183 │   │   └── validation - controller.ts  # Logique métier
                                               ~~~~~~~

validation/Guide d'Intégration du Système de Validations collaborativei.ts:1184:1 - error TS1127: Invalid character.

1184 │   ├── routes /
     ~

validation/Guide d'Intégration du Système de Validations collaborativei.ts:1184:5 - error TS1127: Invalid character.

1184 │   ├── routes /
         ~

validation/Guide d'Intégration du Système de Validations collaborativei.ts:1184:6 - error TS1127: Invalid character.

1184 │   ├── routes /
          ~

validation/Guide d'Intégration du Système de Validations collaborativei.ts:1184:7 - error TS1127: Invalid character.

1184 │   ├── routes /
           ~

validation/Guide d'Intégration du Système de Validations collaborativei.ts:1185:1 - error TS1127: Invalid character.

1185 │   │   └── validation - routes.ts   # Routes API
     ~

validation/Guide d'Intégration du Système de Validations collaborativei.ts:1185:5 - error TS1127: Invalid character.

1185 │   │   └── validation - routes.ts   # Routes API
         ~

validation/Guide d'Intégration du Système de Validations collaborativei.ts:1185:9 - error TS1127: Invalid character.

1185 │   │   └── validation - routes.ts   # Routes API
             ~

validation/Guide d'Intégration du Système de Validations collaborativei.ts:1185:10 - error TS1127: Invalid character.

1185 │   │   └── validation - routes.ts   # Routes API
              ~

validation/Guide d'Intégration du Système de Validations collaborativei.ts:1185:11 - error TS1127: Invalid character.

1185 │   │   └── validation - routes.ts   # Routes API
               ~

validation/Guide d'Intégration du Système de Validations collaborativei.ts:1185:38 - error TS1127: Invalid character.

1185 │   │   └── validation - routes.ts   # Routes API
                                          ~

validation/Guide d'Intégration du Système de Validations collaborativei.ts:1185:40 - error TS1005: ';' expected.

1185 │   │   └── validation - routes.ts   # Routes API
                                            ~~~~~~

validation/Guide d'Intégration du Système de Validations collaborativei.ts:1186:1 - error TS1127: Invalid character.

1186 │   └── utils /
     ~

validation/Guide d'Intégration du Système de Validations collaborativei.ts:1186:5 - error TS1127: Invalid character.

1186 │   └── utils /
         ~

validation/Guide d'Intégration du Système de Validations collaborativei.ts:1186:6 - error TS1127: Invalid character.

1186 │   └── utils /
          ~

validation/Guide d'Intégration du Système de Validations collaborativei.ts:1186:7 - error TS1127: Invalid character.

1186 │   └── utils /
           ~

validation/Guide d'Intégration du Système de Validations collaborativei.ts:1187:1 - error TS1127: Invalid character.

1187 │       └── validation - utils.ts    # Utilitaires
     ~

validation/Guide d'Intégration du Système de Validations collaborativei.ts:1187:9 - error TS1127: Invalid character.

1187 │       └── validation - utils.ts    # Utilitaires
             ~

validation/Guide d'Intégration du Système de Validations collaborativei.ts:1187:10 - error TS1127: Invalid character.

1187 │       └── validation - utils.ts    # Utilitaires
              ~

validation/Guide d'Intégration du Système de Validations collaborativei.ts:1187:11 - error TS1127: Invalid character.

1187 │       └── validation - utils.ts    # Utilitaires
               ~

validation/Guide d'Intégration du Système de Validations collaborativei.ts:1187:38 - error TS1127: Invalid character.

1187 │       └── validation - utils.ts    # Utilitaires
                                          ~

validation/Guide d'Intégration du Système de Validations collaborativei.ts:1187:40 - error TS1005: ';' expected.

1187 │       └── validation - utils.ts    # Utilitaires
                                            ~~~~~~~~~~~

validation/Guide d'Intégration du Système de Validations collaborativei.ts:1188:1 - error TS1127: Invalid character.

1188 ├── config /
     ~

validation/Guide d'Intégration du Système de Validations collaborativei.ts:1188:2 - error TS1127: Invalid character.

1188 ├── config /
      ~

validation/Guide d'Intégration du Système de Validations collaborativei.ts:1188:3 - error TS1127: Invalid character.

1188 ├── config /
       ~

validation/Guide d'Intégration du Système de Validations collaborativei.ts:1189:1 - error TS1127: Invalid character.

1189 │   └── validation - config.ts       # Configuration
     ~

validation/Guide d'Intégration du Système de Validations collaborativei.ts:1189:5 - error TS1127: Invalid character.

1189 │   └── validation - config.ts       # Configuration
         ~

validation/Guide d'Intégration du Système de Validations collaborativei.ts:1189:6 - error TS1127: Invalid character.

1189 │   └── validation - config.ts       # Configuration
          ~

validation/Guide d'Intégration du Système de Validations collaborativei.ts:1189:7 - error TS1127: Invalid character.

1189 │   └── validation - config.ts       # Configuration
           ~

validation/Guide d'Intégration du Système de Validations collaborativei.ts:1189:38 - error TS1127: Invalid character.

1189 │   └── validation - config.ts       # Configuration
                                          ~

validation/Guide d'Intégration du Système de Validations collaborativei.ts:1189:40 - error TS1005: ';' expected.

1189 │   └── validation - config.ts       # Configuration
                                            ~~~~~~~~~~~~~

validation/Guide d'Intégration du Système de Validations collaborativei.ts:1190:1 - error TS1127: Invalid character.

1190 └── tests /
     ~

validation/Guide d'Intégration du Système de Validations collaborativei.ts:1190:2 - error TS1127: Invalid character.

1190 └── tests /
      ~

validation/Guide d'Intégration du Système de Validations collaborativei.ts:1190:3 - error TS1127: Invalid character.

1190 └── tests /
       ~

validation/Guide d'Intégration du Système de Validations collaborativei.ts:1191:5 - error TS1127: Invalid character.

1191     └── validation.test.ts         # Tests
         ~

validation/Guide d'Intégration du Système de Validations collaborativei.ts:1191:6 - error TS1127: Invalid character.

1191     └── validation.test.ts         # Tests
          ~

validation/Guide d'Intégration du Système de Validations collaborativei.ts:1191:7 - error TS1127: Invalid character.

1191     └── validation.test.ts         # Tests
           ~

validation/Guide d'Intégration du Système de Validations collaborativei.ts:1191:36 - error TS1127: Invalid character.

1191     └── validation.test.ts         # Tests
                                        ~

validation/Guide d'Intégration du Système de Validations collaborativei.ts:1191:38 - error TS1005: ';' expected.

1191     └── validation.test.ts         # Tests
                                          ~~~~~

validation/Guide d'Intégration du Système de Validations collaborativei.ts:1198:2 - error TS1443: Module declaration names may only use ' or " quoted strings.

1198 ```typescript
      ~~

validation/Guide d'Intégration du Système de Validations collaborativei.ts:1233:3 - error TS1443: Module declaration names may only use ' or " quoted strings.

1233 ```
       ~
1234

 ...
1236

1237 Utilisez le type `Result<T>` pour une gestion cohérente des erreurs.
     ~~~~~~~~~~~~~~~~~~

validation/Guide d'Intégration du Système de Validations collaborativei.ts:1239:2 - error TS1443: Module declaration names may only use ' or " quoted strings.

1239 ```typescript
      ~~

validation/Guide d'Intégration du Système de Validations collaborativei.ts:1279:2 - error TS1443: Module declaration names may only use ' or " quoted strings.

1279 ```typescript
      ~~

validation/Guide d'Intégration du Système de Validations collaborativei.ts:1326:196 - error TS1160: Unterminated template literal.

1326 Ce guide d'intégration vous fournit les bases pour intégrer le Système de Validation Collaborative dans vos applications. N'hésitez pas à personnaliser ces exemples selon vos besoins spécifiques.



[1:50:59 AM] Found 350 errors. Watching for file changes.